{"level":"\u001b[32minfo\u001b[39m","message":"{\"method\":\"GET\",\"url\":\"/api/v1/product/65bb23be10c77c266f679e68\",\"status\":\"200\",\"responseTime\":\"92.840\"}","timestamp":"2024-07-19T09:30:16.130Z"}
{"level":"\u001b[32minfo\u001b[39m","message":"{\"method\":\"GET\",\"url\":\"/api/v1/products?keyword=&page=1&price[gte]=0&price[lte]=100000\",\"status\":\"304\",\"responseTime\":\"2638.602\"}","timestamp":"2024-07-19T09:30:34.056Z"}
{"level":"\u001b[32minfo\u001b[39m","message":"{\"method\":\"POST\",\"url\":\"/api/v1/login\",\"status\":\"200\",\"responseTime\":\"1257.858\"}","timestamp":"2024-07-19T09:30:59.083Z"}
{"level":"\u001b[32minfo\u001b[39m","message":"{\"method\":\"GET\",\"url\":\"/api/v1/me\",\"status\":\"200\",\"responseTime\":\"773.182\"}","timestamp":"2024-07-19T09:31:10.860Z"}
{"level":"\u001b[32minfo\u001b[39m","message":"{\"method\":\"GET\",\"url\":\"/api/v1/me\",\"status\":\"304\",\"responseTime\":\"1082.761\"}","timestamp":"2024-07-19T09:31:22.339Z"}
{"level":"\u001b[32minfo\u001b[39m","message":"{\"method\":\"GET\",\"url\":\"/api/v1/admin/products\",\"status\":\"200\",\"responseTime\":\"175.864\"}","timestamp":"2024-07-19T09:31:41.116Z"}
{"level":"\u001b[32minfo\u001b[39m","message":"{\"method\":\"GET\",\"url\":\"/api/v1/admin/users\",\"status\":\"200\",\"responseTime\":\"178.677\"}","timestamp":"2024-07-19T09:31:41.137Z"}
{"level":"\u001b[32minfo\u001b[39m","message":"{\"method\":\"GET\",\"url\":\"/api/v1/admin/orders\",\"status\":\"200\",\"responseTime\":\"197.596\"}","timestamp":"2024-07-19T09:31:41.155Z"}
{"level":"\u001b[32minfo\u001b[39m","message":"{\"method\":\"GET\",\"url\":\"/api/v1/admin/users\",\"status\":\"304\",\"responseTime\":\"980.507\"}","timestamp":"2024-07-19T09:31:53.501Z"}
{"level":"\u001b[32minfo\u001b[39m","message":"{\"method\":\"GET\",\"url\":\"/api/v1/me\",\"status\":\"304\",\"responseTime\":\"658.197\"}","timestamp":"2024-07-19T09:41:08.176Z"}
{"level":"\u001b[32minfo\u001b[39m","message":"{\"method\":\"GET\",\"url\":\"/api/v1/me\",\"status\":\"304\",\"responseTime\":\"348.812\"}","timestamp":"2024-07-19T09:43:02.976Z"}
{"level":"\u001b[32minfo\u001b[39m","message":"{\"method\":\"GET\",\"url\":\"/api/v1/admin/users\",\"status\":\"200\",\"responseTime\":\"198.107\"}","timestamp":"2024-07-19T09:43:03.255Z"}
{"level":"\u001b[32minfo\u001b[39m","message":"{\"method\":\"GET\",\"url\":\"/api/v1/me\",\"status\":\"304\",\"responseTime\":\"77.480\"}","timestamp":"2024-07-19T09:44:02.882Z"}
{"level":"\u001b[32minfo\u001b[39m","message":"{\"method\":\"GET\",\"url\":\"/api/v1/admin/users\",\"status\":\"304\",\"responseTime\":\"39.967\"}","timestamp":"2024-07-19T09:44:02.994Z"}
{"level":"\u001b[32minfo\u001b[39m","message":"{\"method\":\"GET\",\"url\":\"/api/v1/me\",\"status\":\"304\",\"responseTime\":\"1742.758\"}","timestamp":"2024-07-19T09:44:35.695Z"}
{"level":"\u001b[32minfo\u001b[39m","message":"{\"method\":\"GET\",\"url\":\"/api/v1/admin/users\",\"status\":\"304\",\"responseTime\":\"43.049\"}","timestamp":"2024-07-19T09:44:35.970Z"}
{"level":"\u001b[32minfo\u001b[39m","message":"{\"method\":\"GET\",\"url\":\"/api/v1/me\",\"status\":\"304\",\"responseTime\":\"572.590\"}","timestamp":"2024-07-19T09:46:14.532Z"}
{"level":"\u001b[32minfo\u001b[39m","message":"{\"method\":\"GET\",\"url\":\"/api/v1/admin/users\",\"status\":\"200\",\"responseTime\":\"93.002\"}","timestamp":"2024-07-19T09:46:14.776Z"}
{"level":"\u001b[32minfo\u001b[39m","message":"{\"method\":\"GET\",\"url\":\"/api/v1/me\",\"status\":\"304\",\"responseTime\":\"447.415\"}","timestamp":"2024-07-19T09:46:30.673Z"}
{"level":"\u001b[32minfo\u001b[39m","message":"{\"method\":\"GET\",\"url\":\"/api/v1/admin/users\",\"status\":\"304\",\"responseTime\":\"1783.993\"}","timestamp":"2024-07-19T09:46:32.602Z"}
{"level":"\u001b[32minfo\u001b[39m","message":"{\"method\":\"GET\",\"url\":\"/api/v1/admin/products\",\"status\":\"304\",\"responseTime\":\"367.938\"}","timestamp":"2024-07-19T09:46:42.846Z"}
{"level":"\u001b[32minfo\u001b[39m","message":"{\"method\":\"GET\",\"url\":\"/api/v1/admin/users\",\"status\":\"304\",\"responseTime\":\"385.387\"}","timestamp":"2024-07-19T09:46:42.856Z"}
{"level":"\u001b[32minfo\u001b[39m","message":"{\"method\":\"GET\",\"url\":\"/api/v1/admin/orders\",\"status\":\"304\",\"responseTime\":\"399.006\"}","timestamp":"2024-07-19T09:46:42.863Z"}
{"level":"\u001b[32minfo\u001b[39m","message":"{\"method\":\"GET\",\"url\":\"/api/v1/admin/users\",\"status\":\"304\",\"responseTime\":\"209.022\"}","timestamp":"2024-07-19T09:46:44.787Z"}
{"level":"\u001b[32minfo\u001b[39m","message":"{\"method\":\"GET\",\"url\":\"/api/v1/me\",\"status\":\"304\",\"responseTime\":\"345.065\"}","timestamp":"2024-07-19T09:46:55.767Z"}
{"level":"\u001b[32minfo\u001b[39m","message":"{\"method\":\"GET\",\"url\":\"/api/v1/admin/users\",\"status\":\"304\",\"responseTime\":\"134.613\"}","timestamp":"2024-07-19T09:46:56.001Z"}
{"level":"\u001b[32minfo\u001b[39m","message":"{\"method\":\"GET\",\"url\":\"/api/v1/admin/users\",\"status\":\"304\",\"responseTime\":\"2144.725\"}","timestamp":"2024-07-19T09:47:04.012Z"}
{"level":"\u001b[32minfo\u001b[39m","message":"{\"method\":\"GET\",\"url\":\"/api/v1/admin/orders\",\"status\":\"304\",\"responseTime\":\"2152.678\"}","timestamp":"2024-07-19T09:47:04.018Z"}
{"level":"\u001b[32minfo\u001b[39m","message":"{\"method\":\"GET\",\"url\":\"/api/v1/admin/products\",\"status\":\"304\",\"responseTime\":\"2166.739\"}","timestamp":"2024-07-19T09:47:04.029Z"}
{"level":"\u001b[32minfo\u001b[39m","message":"{\"method\":\"GET\",\"url\":\"/api/v1/admin/products\",\"status\":\"304\",\"responseTime\":\"742.935\"}","timestamp":"2024-07-19T09:47:17.382Z"}
{"level":"\u001b[32minfo\u001b[39m","message":"{\"method\":\"GET\",\"url\":\"/api/v1/admin/users\",\"status\":\"304\",\"responseTime\":\"768.724\"}","timestamp":"2024-07-19T09:47:17.414Z"}
{"level":"\u001b[32minfo\u001b[39m","message":"{\"method\":\"GET\",\"url\":\"/api/v1/admin/orders\",\"status\":\"304\",\"responseTime\":\"814.634\"}","timestamp":"2024-07-19T09:47:17.445Z"}
{"level":"\u001b[32minfo\u001b[39m","message":"{\"method\":\"GET\",\"url\":\"/api/v1/admin/users\",\"status\":\"304\",\"responseTime\":\"2178.678\"}","timestamp":"2024-07-19T09:47:20.888Z"}
{"level":"\u001b[32minfo\u001b[39m","message":"{\"method\":\"GET\",\"url\":\"/api/v1/admin/orders\",\"status\":\"304\",\"responseTime\":\"275.371\"}","timestamp":"2024-07-19T09:47:36.021Z"}
{"level":"\u001b[32minfo\u001b[39m","message":"{\"method\":\"GET\",\"url\":\"/api/v1/admin/users\",\"status\":\"304\",\"responseTime\":\"343.139\"}","timestamp":"2024-07-19T09:47:41.822Z"}
{"level":"\u001b[32minfo\u001b[39m","message":"{\"method\":\"GET\",\"url\":\"/api/v1/admin/orders\",\"status\":\"304\",\"responseTime\":\"2506.625\"}","timestamp":"2024-07-19T09:47:50.398Z"}
{"level":"\u001b[32minfo\u001b[39m","message":"{\"method\":\"GET\",\"url\":\"/api/v1/admin/users\",\"status\":\"304\",\"responseTime\":\"1302.088\"}","timestamp":"2024-07-19T09:47:55.307Z"}
{"level":"\u001b[32minfo\u001b[39m","message":"{\"method\":\"GET\",\"url\":\"/api/v1/me\",\"status\":\"304\",\"responseTime\":\"2037.549\"}","timestamp":"2024-07-19T09:48:39.361Z"}
{"level":"\u001b[32minfo\u001b[39m","message":"{\"method\":\"GET\",\"url\":\"/api/v1/admin/orders\",\"status\":\"304\",\"responseTime\":\"228.283\"}","timestamp":"2024-07-19T09:48:39.766Z"}
{"level":"\u001b[32minfo\u001b[39m","message":"{\"method\":\"GET\",\"url\":\"/api/v1/me\",\"status\":\"304\",\"responseTime\":\"1277.959\"}","timestamp":"2024-07-19T09:48:47.345Z"}
{"level":"\u001b[32minfo\u001b[39m","message":"{\"method\":\"GET\",\"url\":\"/api/v1/admin/orders\",\"status\":\"304\",\"responseTime\":\"223.250\"}","timestamp":"2024-07-19T09:48:47.710Z"}
{"level":"\u001b[32minfo\u001b[39m","message":"{\"method\":\"GET\",\"url\":\"/api/v1/admin/users\",\"status\":\"304\",\"responseTime\":\"1318.402\"}","timestamp":"2024-07-19T09:49:24.540Z"}
{"level":"\u001b[32minfo\u001b[39m","message":"{\"method\":\"GET\",\"url\":\"/api/v1/admin/orders\",\"status\":\"304\",\"responseTime\":\"3513.957\"}","timestamp":"2024-07-19T09:49:32.359Z"}
{"level":"\u001b[32minfo\u001b[39m","message":"{\"method\":\"GET\",\"url\":\"/api/v1/logout\",\"status\":\"200\",\"responseTime\":\"2.158\"}","timestamp":"2024-07-19T09:49:41.267Z"}
{"level":"\u001b[32minfo\u001b[39m","message":"{\"method\":\"GET\",\"url\":\"/api/v1/products?keyword=&page=1&price[gte]=0&price[lte]=100000\",\"status\":\"304\",\"responseTime\":\"4263.331\"}","timestamp":"2024-07-19T09:49:45.540Z"}
{"level":"\u001b[32minfo\u001b[39m","message":"{\"method\":\"POST\",\"url\":\"/api/v1/login\",\"status\":\"200\",\"responseTime\":\"247.987\"}","timestamp":"2024-07-19T09:50:32.918Z"}
{"level":"\u001b[32minfo\u001b[39m","message":"{\"method\":\"GET\",\"url\":\"/api/v1/admin/products\",\"status\":\"304\",\"responseTime\":\"843.633\"}","timestamp":"2024-07-19T09:50:50.865Z"}
{"level":"\u001b[32minfo\u001b[39m","message":"{\"method\":\"GET\",\"url\":\"/api/v1/admin/orders\",\"status\":\"304\",\"responseTime\":\"833.014\"}","timestamp":"2024-07-19T09:50:50.870Z"}
{"level":"\u001b[32minfo\u001b[39m","message":"{\"method\":\"GET\",\"url\":\"/api/v1/admin/users\",\"status\":\"304\",\"responseTime\":\"844.803\"}","timestamp":"2024-07-19T09:50:50.875Z"}
{"level":"\u001b[32minfo\u001b[39m","message":"{\"method\":\"GET\",\"url\":\"/api/v1/admin/users\",\"status\":\"304\",\"responseTime\":\"1958.619\"}","timestamp":"2024-07-19T09:52:14.948Z"}
{"level":"\u001b[32minfo\u001b[39m","message":"{\"method\":\"GET\",\"url\":\"/api/v1/admin/orders\",\"status\":\"304\",\"responseTime\":\"6335.234\"}","timestamp":"2024-07-19T09:52:50.802Z"}
{"level":"\u001b[32minfo\u001b[39m","message":"{\"method\":\"GET\",\"url\":\"/api/v1/admin/users\",\"status\":\"200\",\"responseTime\":\"2521.645\"}","timestamp":"2024-07-19T09:53:01.307Z"}
{"level":"\u001b[32minfo\u001b[39m","message":"{\"method\":\"GET\",\"url\":\"/api/v1/admin/orders\",\"status\":\"304\",\"responseTime\":\"3187.290\"}","timestamp":"2024-07-19T09:53:11.848Z"}
{"level":"\u001b[32minfo\u001b[39m","message":"{\"method\":\"GET\",\"url\":\"/api/v1/admin/users\",\"status\":\"304\",\"responseTime\":\"1408.363\"}","timestamp":"2024-07-19T09:53:18.426Z"}
{"level":"\u001b[32minfo\u001b[39m","message":"{\"method\":\"GET\",\"url\":\"/api/v1/admin/orders\",\"status\":\"304\",\"responseTime\":\"4007.676\"}","timestamp":"2024-07-19T09:56:05.640Z"}
{"level":"\u001b[32minfo\u001b[39m","message":"{\"method\":\"GET\",\"url\":\"/api/v1/admin/users\",\"status\":\"304\",\"responseTime\":\"7353.669\"}","timestamp":"2024-07-19T09:56:19.152Z"}
{"level":"\u001b[32minfo\u001b[39m","message":"{\"method\":\"GET\",\"url\":\"/api/v1/me\",\"status\":\"304\",\"responseTime\":\"1620.494\"}","timestamp":"2024-07-19T09:58:33.944Z"}
{"level":"\u001b[32minfo\u001b[39m","message":"{\"method\":\"GET\",\"url\":\"/api/v1/admin/orders\",\"status\":\"304\",\"responseTime\":\"460.603\"}","timestamp":"2024-07-19T09:58:34.528Z"}
{"level":"\u001b[32minfo\u001b[39m","message":"{\"method\":\"GET\",\"url\":\"/api/v1/logout\",\"status\":\"304\",\"responseTime\":\"2.449\"}","timestamp":"2024-07-19T09:58:40.801Z"}
{"level":"\u001b[32minfo\u001b[39m","message":"{\"method\":\"GET\",\"url\":\"/api/v1/products?keyword=&page=1&price[gte]=0&price[lte]=100000\",\"status\":\"304\",\"responseTime\":\"554.376\"}","timestamp":"2024-07-19T09:59:51.551Z"}
{"level":"\u001b[32minfo\u001b[39m","message":"{\"method\":\"GET\",\"url\":\"/api/v1/me\",\"status\":\"401\",\"responseTime\":\"1.130\"}","timestamp":"2024-07-19T10:00:46.391Z"}
{"level":"\u001b[32minfo\u001b[39m","message":"{\"method\":\"POST\",\"url\":\"/api/v1/login\",\"status\":\"200\",\"responseTime\":\"1584.925\"}","timestamp":"2024-07-19T10:01:05.422Z"}
{"level":"\u001b[32minfo\u001b[39m","message":"{\"method\":\"GET\",\"url\":\"/api/v1/myorders\",\"status\":\"200\",\"responseTime\":\"3121.059\"}","timestamp":"2024-07-19T10:01:33.988Z"}
{"level":"\u001b[32minfo\u001b[39m","message":"{\"method\":\"GET\",\"url\":\"/api/v1/myorders\",\"status\":\"304\",\"responseTime\":\"3541.414\"}","timestamp":"2024-07-19T10:01:37.540Z"}
{"level":"\u001b[32minfo\u001b[39m","message":"{\"method\":\"GET\",\"url\":\"/api/v1/myorders\",\"status\":\"304\",\"responseTime\":\"224.936\"}","timestamp":"2024-07-19T10:03:34.514Z"}
{"level":"\u001b[32minfo\u001b[39m","message":"{\"method\":\"GET\",\"url\":\"/api/v1/logout\",\"status\":\"304\",\"responseTime\":\"3.869\"}","timestamp":"2024-07-19T10:04:09.928Z"}
{"level":"\u001b[32minfo\u001b[39m","message":"{\"method\":\"GET\",\"url\":\"/api/v1/products?keyword=&page=1&price[gte]=0&price[lte]=100000\",\"status\":\"304\",\"responseTime\":\"1465.835\"}","timestamp":"2024-07-19T10:04:11.402Z"}
{"level":"\u001b[32minfo\u001b[39m","message":"{\"method\":\"GET\",\"url\":\"/api/v1/products?keyword=&page=1&price[gte]=0&price[lte]=100000\",\"status\":\"304\",\"responseTime\":\"1210.797\"}","timestamp":"2024-07-19T10:04:12.626Z"}
{"level":"\u001b[32minfo\u001b[39m","message":"{\"method\":\"POST\",\"url\":\"/api/v1/login\",\"status\":\"200\",\"responseTime\":\"1390.464\"}","timestamp":"2024-07-19T10:04:15.606Z"}
{"level":"\u001b[32minfo\u001b[39m","message":"{\"method\":\"GET\",\"url\":\"/api/v1/myorders\",\"status\":\"304\",\"responseTime\":\"76.822\"}","timestamp":"2024-07-19T10:04:22.933Z"}
{"level":"\u001b[32minfo\u001b[39m","message":"{\"method\":\"GET\",\"url\":\"/api/v1/myorders\",\"status\":\"304\",\"responseTime\":\"393.134\"}","timestamp":"2024-07-19T10:11:40.026Z"}
{"level":"\u001b[32minfo\u001b[39m","message":"{\"method\":\"GET\",\"url\":\"/api/v1/products?keyword=&page=1&price[gte]=0&price[lte]=100000\",\"status\":\"304\",\"responseTime\":\"603.987\"}","timestamp":"2024-07-19T10:11:49.660Z"}
{"level":"\u001b[32minfo\u001b[39m","message":"{\"method\":\"GET\",\"url\":\"/api/v1/products?keyword=&page=1&price[gte]=0&price[lte]=100000\",\"status\":\"304\",\"responseTime\":\"819.637\"}","timestamp":"2024-07-19T10:12:17.876Z"}
{"level":"\u001b[32minfo\u001b[39m","message":"{\"method\":\"GET\",\"url\":\"/api/v1/products?keyword=&page=1&price[gte]=0&price[lte]=100000\",\"status\":\"304\",\"responseTime\":\"128.665\"}","timestamp":"2024-07-19T10:12:24.647Z"}
{"level":"\u001b[32minfo\u001b[39m","message":"{\"method\":\"GET\",\"url\":\"/api/v1/products?keyword=&page=1&price[gte]=0&price[lte]=100000\",\"status\":\"304\",\"responseTime\":\"272.391\"}","timestamp":"2024-07-19T10:12:51.958Z"}
{"level":"\u001b[32minfo\u001b[39m","message":"{\"method\":\"GET\",\"url\":\"/api/v1/myorders\",\"status\":\"304\",\"responseTime\":\"408.754\"}","timestamp":"2024-07-19T10:13:03.106Z"}
{"level":"\u001b[32minfo\u001b[39m","message":"{\"method\":\"GET\",\"url\":\"/api/v1/admin/products\",\"status\":\"304\",\"responseTime\":\"394.101\"}","timestamp":"2024-07-19T10:13:09.077Z"}
{"level":"\u001b[32minfo\u001b[39m","message":"{\"method\":\"GET\",\"url\":\"/api/v1/admin/orders\",\"status\":\"304\",\"responseTime\":\"392.652\"}","timestamp":"2024-07-19T10:13:09.085Z"}
{"level":"\u001b[32minfo\u001b[39m","message":"{\"method\":\"GET\",\"url\":\"/api/v1/admin/users\",\"status\":\"304\",\"responseTime\":\"385.388\"}","timestamp":"2024-07-19T10:13:09.092Z"}
{"level":"\u001b[32minfo\u001b[39m","message":"{\"method\":\"GET\",\"url\":\"/api/v1/products?keyword=&page=1&price[gte]=0&price[lte]=100000\",\"status\":\"304\",\"responseTime\":\"393.503\"}","timestamp":"2024-07-19T10:15:29.744Z"}
{"level":"\u001b[32minfo\u001b[39m","message":"{\"method\":\"GET\",\"url\":\"/api/v1/me\",\"status\":\"304\",\"responseTime\":\"2597.489\"}","timestamp":"2024-07-19T10:41:19.690Z"}
